2020-12-04 11:14:10,678 - root:112(run) INFO: 

-----------------

Starting Mu 1.0.2
2020-12-04 11:14:10,685 - root:113(run) INFO: uname_result(system='Linux', node='pi-zero', release='5.4.72+', version='#1356 Thu Oct 22 13:56:00 BST 2020', machine='armv6l', processor='')
2020-12-04 11:14:10,686 - root:114(run) INFO: Python path: ['/usr/share/mu-editor', '/usr/lib/python37.zip', '/usr/lib/python3.7', '/usr/lib/python3.7/lib-dynload', '/home/pi/.local/lib/python3.7/site-packages', '/usr/local/lib/python3.7/dist-packages', '/usr/local/lib/python3.7/dist-packages/luma.led_matrix-1.5.0-py3.7.egg', '/usr/lib/python3/dist-packages', '/usr/lib/python3/dist-packages/IPython/extensions']
2020-12-04 11:14:10,688 - root:115(run) INFO: Language code: en_US
2020-12-04 11:14:14,998 - mu.logic:543(__init__) INFO: Setting up editor.
2020-12-04 11:14:15,003 - mu.logic:562(__init__) INFO: Settings path: /home/pi/.local/share/mu/settings.json
2020-12-04 11:14:15,005 - mu.logic:563(__init__) INFO: Session path: /home/pi/.local/share/mu/session.json
2020-12-04 11:14:15,007 - mu.logic:564(__init__) INFO: Log directory: /home/pi/.cache/mu/log
2020-12-04 11:14:15,008 - mu.logic:565(__init__) INFO: Data directory: /home/pi/.local/share/mu
2020-12-04 11:14:15,520 - mu.logic:578(setup) INFO: Available modes: python, adafruit, microbit, debugger, pygamezero
2020-12-04 11:14:17,248 - mu.logic:1148(change_mode) INFO: Workspace directory: /home/pi/mu_code
2020-12-04 11:14:17,284 - mu.logic:625(restore_session) INFO: Restoring session from: /home/pi/.local/share/mu/session.json
2020-12-04 11:14:17,286 - mu.logic:626(restore_session) DEBUG: {'theme': 'day', 'mode': 'adafruit', 'paths': ['/home/pi/mu_code/test-max7219.py'], 'envars': [], 'minify': False, 'microbit_runtime': '', 'zoom_level': 2}
2020-12-04 11:14:17,288 - mu.logic:713(_load) INFO: Loading script from: /home/pi/mu_code/test-max7219.py
2020-12-04 11:14:17,311 - mu.logic:274(read_and_decode) DEBUG: Trying to decode with utf-8
2020-12-04 11:14:17,314 - mu.logic:277(read_and_decode) INFO: Decoded with utf-8
2020-12-04 11:14:17,365 - mu.logic:290(read_and_decode) DEBUG: Detected newline '\n'
2020-12-04 11:14:17,367 - mu.logic:787(_load) DEBUG: 
import RPi.GPIO as GPIO
import time

"""

Output in terminal window should be:

Starting test-max7219.py
Setting the RPi's GPIO pins 
19, 23, 12, and 24 to be output pins

Setting the RPi's GPIO pins 24 CS (Chip Select) 
LOW then HIGH

Setting the RPi's GPIO pins 12 SCLK (Clock) 
LOW then HIGH

Preparing to send Max7219 the command data to set LED display 
intensity to max: 0b101000001111
That is, Max7219: initiate a transfer of command 
data by lowering and raising the SCLK pin

Max7219 was told to set LED display intensity: 
GPIO.output(GPIO10, 0b101000001111)

Preparing to send Max7219 the command data to resume normal 
operation: 0b001100000001
That is, Max7219: initiate a transfer of command 
data by lowering and raising the SCLK pin

Max7219 was told to resume normal operation: 
GPIO.output(GPIO10, 0b001100000001)

Preparing to send Max7219 the command data to perform 
a display test: 0b1111000000
That is, Max7219: initiate a transfer of command 
data by lowering and raising the SCLK pin

Max7219 was told to light all the dots, which is the 
display test: GPIO.output(GPIO1, 0b111100000000)

Sleep for 5 seconds

Cleanup and Ending test-max7219.py
"""

#   define GPIO pin mappings
GPIO10 = 19   # pin 19 aka SPI pin MOSI
GPIO11 = 23   # pin 23 aka SPI Pin SCLK
SCLK = 23
CLK = 12      # pin 12 aka CLK
CS = 24       # pin 24 aka CS (Chip Select GPIO8)
LOW = 0x00
HIGH = 0xff

#   First, set the mode to address GPIOs via their GPIO number using
#   the following command
GPIO.setmode(GPIO.BCM)

#   Next, pins 19, 23, 12, and 24 will be set to be output pins
print("\nStarting test-max7219.py\nSetting the RPi's GPIO pins ")
print("19, 23, and 24 to be output pins\n")
GPIO.setup(GPIO10, GPIO.OUT)
GPIO.setup(GPIO11, GPIO.OUT)
GPIO.setup(CS, GPIO.OUT)
GPIO.setup(SCLK, GPIO.OUT)

#   The Decode Mode is set to no decode by default

#   To start programming Max7219, set CS LOW then HIGH and SCLK LOW then HIGH
print("Setting the RPi's GPIO pins 24 CS (Chip Select) " )
print("LOW then HIGH\n")
GPIO.output(CS, LOW)
GPIO.output(CS, HIGH)

#   drive CLOCK LOW then HIGH
print("Setting the RPi's GPIO pins 23 SCLK (SPI Clock) ")
print("LOW then HIGH\n")
GPIO.output(SCLK, LOW)
GPIO.output(SCLK, HIGH)

# now set CS to 0 for the rest of the script
GPIO.output(CS, 0)

#   Display intensity is address 0x0a / 0b1010 (command portion) and
#   portion 0x0f
#                     1234         4-bits command hex A = binary 1010
#                         12345678 8-bits data
GPIO.output(GPIO10, 0b101000001111)
print("Preparing to send Max7219 the command data to set LED display ")
print("intensity to max: 0b101000001111")
print("That is, Max7219: initiate a transfer of command ")
print("data by lowering and raising the SCLK pin\n")

#   Perform the data load into the register on Clock's rising edge
GPIO.output(GPIO11, LOW)
GPIO.output(GPIO11, HIGH)

print("Max7219 was told to set LED display intensity: ")
print("GPIO.output(GPIO10, 0b101000001111)\n")

#   Scan Limit Register set number of digits displayed We have 5-column LEDs
#   so set Command 0x0b and Data 0x05


#                     1234         4-bits command hex B = binary 1011
#                         12345678 8-bits data (not used by chip)
GPIO.output(GPIO10, 0b101100000101)
print("Preparing to send Max7219 the command data to limit ")
print("the display to 5 columns of dots: 0b1011000101")
print("That is, Max7219: initiate a transfer of command ")
print("data by lowering and raising the SCLK pin\n")

#   Data is loaded into the register on Clock's rising edge
GPIO.output(GPIO11, LOW)
GPIO.output(GPIO11, HIGH)

print("Max7219 was told to limit the scan to 5 digits of columns, which is the ")
print("Scan limit register: GPIO.output(GPIO1, 0b101100000101)\n")



#   From page 7 of datasheet, at initial power up of Max7219 enters
#   Shutdown mode. Table 3, Shutdown Register
#   The command to resume Normal Operation
#                     1234         4-bits command hex C = binary 1100
#                         12345678 8-bits data
GPIO.output(GPIO10, 0b001100000001)
print("Preparing to send Max7219 the command data to resume normal ")
print("operation: 0b001100000001")
print("That is, Max7219: initiate a transfer of command ")
print("data by lowering and raising the SCLK pin\n")

#   Perform the data load into the register on Clock's rising edge
GPIO.output(GPIO11, LOW)
GPIO.output(GPIO11, HIGH)

print("Max7219 was told to resume normal operation: ")
print("GPIO.output(GPIO10, 0b001100000001)\n")


#   From page 7, Table . Display Test Register
#   The command to test the LED by lighting all dots
#                     1234         4-bits command hex F = binary 1111
#                         12345678 8-bits data
GPIO.output(GPIO10, 0b111100000001)
print("Preparing to send Max7219 the command data to perform ")
print("a display test: 0b1111000001")
print("That is, Max7219: initiate a transfer of command ")
print("data by lowering and raising the SCLK pin\n")

#   Data is loaded into the register on Clock's rising edge
GPIO.output(GPIO11, LOW)
GPIO.output(GPIO11, HIGH)

print("Max7219 was told to light all the dots, which is the ")
print("display test: GPIO.output(GPIO1, 0b111100000000)\n")

print("Sleep for 5 seconds\n")
#   The command to wait for 5 seconds
time.sleep(5)

#   The command to cleanup all the GPIO pins as expected by the chip
GPIO.cleanup()
print("Cleanup and Ending test-max7219.py\n")


2020-12-04 11:14:18,232 - mu.logic:647(restore_session) INFO: Loaded files.
2020-12-04 11:14:18,234 - mu.logic:651(restore_session) INFO: User defined environment variables: []
2020-12-04 11:14:18,235 - mu.logic:655(restore_session) INFO: Minify scripts on micro:bit? False
2020-12-04 11:14:20,567 - mu.interface.main:723(show_message) DEBUG: Could not find an attached Adafruit CircuitPython device.
2020-12-04 11:14:20,569 - mu.interface.main:724(show_message) DEBUG: Python files for Adafruit CircuitPython devices are stored on the device. Therefore, to edit these files you need to have the device plugged in. Until you plug in a device, Mu will use the directory found here:

 /home/pi/mu_code

...to store your code.
2020-12-04 13:50:28,444 - mu.logic:1148(change_mode) INFO: Workspace directory: /home/pi/mu_code
2020-12-04 13:50:48,657 - mu.logic:809(get_dialog_directory) INFO: Using path for file dialog: /home/pi/mu_code
2020-12-04 13:51:29,774 - mu.interface.main:251(get_load_path) DEBUG: Getting load path: /home/pi/mu_code/message-sign-demo.py
2020-12-04 13:51:29,778 - mu.logic:713(_load) INFO: Loading script from: /home/pi/mu_code/message-sign-demo.py
2020-12-04 13:51:29,843 - mu.logic:274(read_and_decode) DEBUG: Trying to decode with utf-8
2020-12-04 13:51:29,844 - mu.logic:277(read_and_decode) INFO: Decoded with utf-8
2020-12-04 13:51:29,849 - mu.logic:290(read_and_decode) DEBUG: Detected newline '\n'
2020-12-04 13:51:29,871 - mu.logic:787(_load) DEBUG: #!/usr/bin/env python
# -*- coding: utf-8 -*-
# Copyright (c) 2017-18 Richard Hull and contributors
# See LICENSE.rst for details.

import re
import time
import argparse

from luma.led_matrix.device import max7219
from luma.core.interface.serial import spi, noop
from luma.core.render import canvas
from luma.core.virtual import viewport
from luma.core.legacy import text, show_message
from luma.core.legacy.font import proportional, CP437_FONT, TINY_FONT, SINCLAIR_FONT, LCD_FONT


def demo(n, block_orientation, rotate, inreverse):
    # create matrix device
    serial = spi(port=0, device=0, gpio=noop())
    device = max7219(serial, cascaded=2, block_orientation=block_orientation,
                     rotate=rotate or 0, blocks_arranged_in_reverse_order=inreverse)
    print("Created device")

    # start demo
    msg = "LED Message Demo"
    print(msg)
    show_message(device, msg, fill="white", font=proportional(CP437_FONT), scroll_delay=0.1)
    time.sleep(1)

    msg = "Tony Ferlazzo, Software Engineer"
    msg = re.sub(" +", " ", msg)
    print(msg)
    show_message(device, msg, fill="white", font=proportional(LCD_FONT), scroll_delay=0.1)

    msg = "Slow scrolling: The quick brown fox jumps over the lazy dog"
    print(msg)
    show_message(device, msg, fill="white", font=proportional(LCD_FONT), scroll_delay=0.1)

    print("Vertical scrolling")
    words = [
        "Victor", "Echo", "Romeo", "Tango", "India", "Charlie", "Alpha",
        "Lima", " ", "Sierra", "Charlie", "Romeo", "Oscar", "Lima", "Lima",
        "India", "November", "Golf", " "
    ]

    virtual = viewport(device, width=device.width, height=len(words) * 8)
    with canvas(virtual) as draw:
        for i, word in enumerate(words):
            text(draw, (0, i * 5), word, fill="white", font=proportional(CP437_FONT))  #  matrix is 8x5, not 8x8 so using i*5 not i*8

    for i in range(virtual.height - device.height):
        virtual.set_position((0, i))
        time.sleep(0.05)

    msg = "Brightness"
    print(msg)
    show_message(device, msg, fill="white")

    time.sleep(1)
    with canvas(device) as draw:
        text(draw, (0, 0), "A", fill="white")

    time.sleep(1)
    for _ in range(5):
        for intensity in range(16):
            device.contrast(intensity * 16)
            time.sleep(0.1)

    device.contrast(0x80)
    time.sleep(1)

    msg = "Alternative font!"
    print(msg)
    show_message(device, msg, fill="white", font=SINCLAIR_FONT)

    time.sleep(1)
    msg = "Proportional font - characters are squeezed together!"
    print(msg)
    show_message(device, msg, fill="white", font=proportional(SINCLAIR_FONT))

    # http://www.squaregear.net/fonts/tiny.shtml
    time.sleep(1)
    msg = "Tiny is, I believe, the smallest possible font \
    (in pixel size). It stands at a lofty four pixels \
    tall (five if you count descenders), yet it still \
    contains all the printable ASCII characters."
    msg = re.sub(" +", " ", msg)
    print(msg)
    show_message(device, msg, fill="white", font=proportional(TINY_FONT))

    time.sleep(1)
    msg = "CP437 Characters"
    print(msg)
    show_message(device, msg)

    time.sleep(1)
    for x in range(256):
        with canvas(device) as draw:
            text(draw, (0, 0), chr(x), fill="white")
            time.sleep(0.1)


if __name__ == "__main__":
    parser = argparse.ArgumentParser(description='matrix_demo arguments',
        formatter_class=argparse.ArgumentDefaultsHelpFormatter)

    parser.add_argument('--cascaded', '-n', type=int, default=1, help='Number of cascaded MAX7219 LED matrices')
    parser.add_argument('--block-orientation', type=int, default=0, choices=[0, 90, -90], help='Corrects block orientation when wired vertically')
    parser.add_argument('--rotate', type=int, default=0, choices=[0, 1, 2, 3], help='Rotate display 0=0°, 1=90°, 2=180°, 3=270°')
    parser.add_argument('--reverse-order', type=bool, default=False, help='Set to true if blocks are in reverse order')

    args = parser.parse_args()

    try:
        demo(args.cascaded, args.block_orientation, args.rotate, args.reverse_order)
    except KeyboardInterrupt:
        pass

2020-12-04 13:51:49,201 - mu.logic:809(get_dialog_directory) INFO: Using path for file dialog: /home/pi/mu_code
2020-12-04 13:53:09,285 - mu.interface.main:251(get_load_path) DEBUG: Getting load path: 
2020-12-04 13:53:16,275 - mu.logic:869(save_tab_to_file) INFO: Saving script to: /home/pi/mu_code/message-sign-demo.py
2020-12-04 13:53:16,277 - mu.logic:870(save_tab_to_file) DEBUG: #!/usr/bin/env python
# -*- coding: utf-8 -*-
# Copyright (c) 2017-18 Richard Hull and contributors
# See LICENSE.rst for details.

import re
import time
import argparse

from luma.led_matrix.device import max7219
from luma.core.interface.serial import spi, noop
from luma.core.render import canvas
from luma.core.virtual import viewport
from luma.core.legacy import text, show_message
from luma.core.legacy.font import proportional, CP437_FONT, TINY_FONT, SINCLAIR_FONT, LCD_FONT


def demo(n, block_orientation, rotate, inreverse):
    # create matrix device
    serial = spi(port=0, device=0, gpio=noop())
    device = max7219(serial, cascaded=2, block_orientation=block_orientation,
                     rotate=rotate or 0, blocks_arranged_in_reverse_order=inreverse)
    print("Created device")

    # start demo
    msg = "LED Message Demo"
    print(msg)
    show_message(device, msg, fill="white", font=proportional(CP437_FONT), scroll_delay=0.1)
    time.sleep(1)

    msg = "Tony Ferlazzo, Software Engineer"
    msg = re.sub(" +", " ", msg)
    print(msg)
    show_message(device, msg, fill="white", font=proportional(LCD_FONT), scroll_delay=0.1)

    msg = "Slow scrolling: The quick brown fox jumps over the lazy dog"
    print(msg)
    show_message(device, msg, fill="white", font=proportional(LCD_FONT), scroll_delay=0.1)

    print("Vertical scrolling")
    words = [
        "Victor", "Echo", "Romeo", "Tango", "India", "Charlie", "Alpha",
        "Lima", " ", "Sierra", "Charlie", "Romeo", "Oscar", "Lima", "Lima",
        "India", "November", "Golf", " "
    ]

    virtual = viewport(device, width=device.width, height=len(words) * 8)
    with canvas(virtual) as draw:
        for i, word in enumerate(words):
            text(draw, (0, i * 5), word, fill="white", font=proportional(CP437_FONT))  #  matrix is 8x5, not 8x8 so using i*5 not i*8

    for i in range(virtual.height - device.height):
        virtual.set_position((0, i))
        time.sleep(0.05)

    msg = "Brightness"
    print(msg)
    show_message(device, msg, fill="white")

    time.sleep(1)
    with canvas(device) as draw:
        text(draw, (0, 0), "A", fill="white")

    time.sleep(1)
    for _ in range(5):
        for intensity in range(16):
            device.contrast(intensity * 16)
            time.sleep(0.1)

    device.contrast(0x80)
    time.sleep(1)

    msg = "Alternative font!"
    print(msg)
    show_message(device, msg, fill="white", font=SINCLAIR_FONT)

    time.sleep(1)
    msg = "Proportional font - characters are squeezed together!"
    print(msg)
    show_message(device, msg, fill="white", font=proportional(SINCLAIR_FONT))

    # http://www.squaregear.net/fonts/tiny.shtml
    time.sleep(1)
    msg = "Tiny is, I believe, the smallest possible font \
    (in pixel size). It stands at a lofty four pixels \
    tall (five if you count descenders), yet it still \
    contains all the printable ASCII characters."
    msg = re.sub(" +", " ", msg)
    print(msg)
    show_message(device, msg, fill="white", font=proportional(TINY_FONT))

    time.sleep(1)
    msg = "CP437 Characters"
    print(msg)
    show_message(device, msg)

    time.sleep(1)
    for x in range(256):
        with canvas(device) as draw:
            text(draw, (0, 0), chr(x), fill="white")
            time.sleep(0.1)


if __name__ == "__main__":
    parser = argparse.ArgumentParser(description='matrix_demo arguments',
        formatter_class=argparse.ArgumentDefaultsHelpFormatter)

    parser.add_argument('--cascaded', '-n', type=int, default=1, help='Number of cascaded MAX7219 LED matrices')
    parser.add_argument('--block-orientation', type=int, default=0, choices=[0, 90, -90], help='Corrects block orientation when wired vertically')
    parser.add_argument('--rotate', type=int, default=0, choices=[0, 1, 2, 3], help='Rotate display 0=0°, 1=90°, 2=180°, 3=270°')
    parser.add_argument('--reverse-order', type=bool, default=False, help='Set to true if blocks are in reverse order')

    args = parser.parse_args()

    try:
        demo(args.cascaded, args.block_orientation, args.rotate, args.reverse_order)
    except KeyboardInterrupt:
        pass

2020-12-04 13:53:24,973 - mu.logic:869(save_tab_to_file) INFO: Saving script to: /home/pi/mu_code/message-sign-demo.py
2020-12-04 13:53:24,976 - mu.logic:870(save_tab_to_file) DEBUG: #!/usr/bin/env python
# -*- coding: utf-8 -*-
# Copyright (c) 2017-18 Richard Hull and contributors
# See LICENSE.rst for details.

import re
import time
import argparse

from luma.led_matrix.device import max7219
from luma.core.interface.serial import spi, noop
from luma.core.render import canvas
from luma.core.virtual import viewport
from luma.core.legacy import text, show_message
from luma.core.legacy.font import proportional, CP437_FONT, TINY_FONT, SINCLAIR_FONT, LCD_FONT


def demo(n, block_orientation, rotate, inreverse):
    # create matrix device
    serial = spi(port=0, device=0, gpio=noop())
    device = max7219(serial, cascaded=2, block_orientation=block_orientation,
                     rotate=rotate or 0, blocks_arranged_in_reverse_order=inreverse)
    print("Created device")

    # start demo
    msg = "LED Message Demo"
    print(msg)
    show_message(device, msg, fill="white", font=proportional(CP437_FONT), scroll_delay=0.1)
    time.sleep(1)

    msg = "Tony Ferlazzo, Software Engineer"
    msg = re.sub(" +", " ", msg)
    print(msg)
    show_message(device, msg, fill="white", font=proportional(LCD_FONT), scroll_delay=0.1)

    msg = "Slow scrolling: The quick brown fox jumps over the lazy dog"
    print(msg)
    show_message(device, msg, fill="white", font=proportional(LCD_FONT), scroll_delay=0.1)

    print("Vertical scrolling")
    words = [
        "Victor", "Echo", "Romeo", "Tango", "India", "Charlie", "Alpha",
        "Lima", " ", "Sierra", "Charlie", "Romeo", "Oscar", "Lima", "Lima",
        "India", "November", "Golf", " "
    ]

    virtual = viewport(device, width=device.width, height=len(words) * 8)
    with canvas(virtual) as draw:
        for i, word in enumerate(words):
            text(draw, (0, i * 5), word, fill="white", font=proportional(CP437_FONT))  #  matrix is 8x5, not 8x8 so using i*5 not i*8

    for i in range(virtual.height - device.height):
        virtual.set_position((0, i))
        time.sleep(0.05)

    msg = "Brightness"
    print(msg)
    show_message(device, msg, fill="white")

    time.sleep(1)
    with canvas(device) as draw:
        text(draw, (0, 0), "A", fill="white")

    time.sleep(1)
    for _ in range(5):
        for intensity in range(16):
            device.contrast(intensity * 16)
            time.sleep(0.1)

    device.contrast(0x80)
    time.sleep(1)

    msg = "Alternative font!"
    print(msg)
    show_message(device, msg, fill="white", font=SINCLAIR_FONT)

    time.sleep(1)
    msg = "Proportional font - characters are squeezed together!"
    print(msg)
    show_message(device, msg, fill="white", font=proportional(SINCLAIR_FONT))

    # http://www.squaregear.net/fonts/tiny.shtml
    time.sleep(1)
    msg = "Tiny is, I believe, the smallest possible font \
    (in pixel size). It stands at a lofty four pixels \
    tall (five if you count descenders), yet it still \
    contains all the printable ASCII characters."
    msg = re.sub(" +", " ", msg)
    print(msg)
    show_message(device, msg, fill="white", font=proportional(TINY_FONT))

    time.sleep(1)
    msg = "CP437 Characters"
    print(msg)
    show_message(device, msg)

    time.sleep(1)
    for x in range(256):
        with canvas(device) as draw:
            text(draw, (0, 0), chr(x), fill="white")
            time.sleep(0.1)


if __name__ == "__main__":
    parser = argparse.ArgumentParser(description='matrix_demo arguments',
        formatter_class=argparse.ArgumentDefaultsHelpFormatter)

    parser.add_argument('--cascaded', '-n', type=int, default=1, help='Number of cascaded MAX7219 LED matrices')
    parser.add_argument('--block-orientation', type=int, default=0, choices=[0, 90, -90], help='Corrects block orientation when wired vertically')
    parser.add_argument('--rotate', type=int, default=0, choices=[0, 1, 2, 3], help='Rotate display 0=0°, 1=90°, 2=180°, 3=270°')
    parser.add_argument('--reverse-order', type=bool, default=False, help='Set to true if blocks are in reverse order')

    args = parser.parse_args()

    try:
        demo(args.cascaded, args.block_orientation, args.rotate, args.reverse_order)
    except KeyboardInterrupt:
        pass

2020-12-04 13:53:45,153 - mu.logic:1051(quit) DEBUG: Session: {'theme': 'day', 'mode': 'adafruit', 'paths': ['/home/pi/mu_code/message-sign-demo.py'], 'envars': [], 'minify': False, 'microbit_runtime': '', 'zoom_level': 2}
2020-12-04 13:53:45,155 - mu.logic:1052(quit) DEBUG: Saving session to: /home/pi/.local/share/mu/session.json
2020-12-04 13:53:45,177 - mu.logic:1066(quit) INFO: Quitting.


