** Message: 14:23:12.721: environement.vala:58: Exporting primary_variable
** Message: 14:23:12.721: environement.vala:59: desktop_environnement XDG_CURRENT_DESKTOP
** Message: 14:23:12.722: environement.vala:150: confir_dirs is null, export : /etc/xdg
** Message: 14:23:12.722: environement.vala:184: Exporting XDG_CONFIG_DIRS
** Message: 14:23:12.722: environement.vala:218: custom_data :
** Message: 14:23:12.722: environement.vala:219: data_dirs :/usr/local/share:/usr/share/raspi-ui-overrides:/usr/share:/usr/share/gdm:/var/lib/menu-xdg
** Message: 14:23:12.723: environement.vala:220: data_dirs not null, export : /usr/local/share:/usr/share/raspi-ui-overrides:/usr/share:/usr/share/gdm:/var/lib/menu-xdg
** Message: 14:23:12.723: environement.vala:225: Exporting XDG_DATA_DIRS
** Message: 14:23:12.768: utils.vala:127: User config used : /home/pi/.config/lxsession/LXDE-pi/desktop.conf
** Message: 14:23:12.769: utils.vala:148: Final file used : /home/pi/.config/lxsession/LXDE-pi/desktop.conf
** Message: 14:23:12.769: utils.vala:39: Config system location : /etc/xdg/lxsession/LXDE-pi
** Message: 14:23:12.772: utils.vala:45: System system path location : /etc/xdg/lxsession/LXDE-pi/desktop.conf
** Message: 14:23:12.807: settings.vala:540: Key file does not have key “iGtk/ColorScheme” in group “GTK”
** Message: 14:23:12.808: settings.vala:540: Key file does not have key “windows_manager/command” in group “Session”
** Message: 14:23:12.808: settings.vala:540: Key file does not have key “panel/command” in group “Session”
** Message: 14:23:12.809: settings.vala:540: Key file does not have key “dock/command” in group “Session”
** Message: 14:23:12.809: settings.vala:540: Key file does not have key “file_manager/command” in group “Session”
** Message: 14:23:12.809: settings.vala:540: Key file does not have key “desktop_manager/command” in group “Session”
** Message: 14:23:12.810: settings.vala:540: Key file does not have key “launcher_manager/autostart” in group “Session”
** Message: 14:23:12.810: settings.vala:540: Key file does not have key “composite_manager/command” in group “Session”
** Message: 14:23:12.810: settings.vala:540: Key file does not have key “im1/command” in group “Session”
** Message: 14:23:12.811: settings.vala:540: Key file does not have key “im2/command” in group “Session”
** Message: 14:23:12.811: settings.vala:540: Key file does not have key “widget1/command” in group “Session”
** Message: 14:23:12.811: settings.vala:540: Key file does not have key “notification/command” in group “Session”
** Message: 14:23:12.812: settings.vala:540: Key file does not have key “keybindings/command” in group “Session”
** Message: 14:23:12.812: settings.vala:540: Key file does not have key “im_manager/command” in group “Session”
** Message: 14:23:12.812: settings.vala:540: Key file does not have key “screensaver/command” in group “Session”
** Message: 14:23:12.813: settings.vala:540: Key file does not have key “power_manager/command” in group “Session”
** Message: 14:23:12.813: settings.vala:540: Key file does not have key “audio_manager/command” in group “Session”
** Message: 14:23:12.814: settings.vala:540: Key file does not have key “workspace_manager/command” in group “Session”
** Message: 14:23:12.815: settings.vala:540: Key file does not have key “screenshot_manager/command” in group “Session”
** Message: 14:23:12.815: settings.vala:540: Key file does not have key “message_manager/command” in group “Session”
** Message: 14:23:12.815: settings.vala:540: Key file does not have key “upgrade_manager/command” in group “Session”
** Message: 14:23:12.816: settings.vala:540: Key file does not have key “updates_manager/command” in group “Session”
** Message: 14:23:12.816: settings.vala:540: Key file does not have key “updates_manager/timeout” in group “Session”
** Message: 14:23:12.867: settings.vala:540: Key file does not have key “crash_manager/command” in group “Session”
** Message: 14:23:12.868: settings.vala:540: Key file does not have key “crash_manager/dev_mode” in group “Session”
** Message: 14:23:12.868: settings.vala:540: Key file does not have key “crash_manager/timeout” in group “Session”
** Message: 14:23:12.869: settings.vala:540: Key file does not have key “upstart_user_session” in group “Session”
** Message: 14:23:12.869: settings.vala:540: Key file does not have key “proxy_manager/http” in group “Session”
** Message: 14:23:12.870: settings.vala:540: Key file does not have key “a11y/command” in group “Session”
** Message: 14:23:12.870: settings.vala:540: Key file does not have key “xrandr/command” in group “Session”
** Message: 14:23:12.870: settings.vala:540: Key file does not have key “network_gui/command” in group “Session”
** Message: 14:23:12.871: settings.vala:540: Key file does not have key “webbrowser/command” in group “Session”
** Message: 14:23:12.871: settings.vala:540: Key file does not have key “email/command” in group “Session”
** Message: 14:23:12.872: settings.vala:540: Key file does not have key “pdf_reader/command” in group “Session”
** Message: 14:23:12.872: settings.vala:540: Key file does not have key “video_player/command” in group “Session”
** Message: 14:23:12.872: settings.vala:540: Key file does not have key “audio_player/command” in group “Session”
** Message: 14:23:12.873: settings.vala:540: Key file does not have key “images_display/command” in group “Session”
** Message: 14:23:12.873: settings.vala:540: Key file does not have key “text_editor/command” in group “Session”
** Message: 14:23:12.874: settings.vala:540: Key file does not have key “archive/command” in group “Session”
** Message: 14:23:12.874: settings.vala:540: Key file does not have key “charmap/command” in group “Session”
** Message: 14:23:12.874: settings.vala:540: Key file does not have key “calculator/command” in group “Session”
** Message: 14:23:12.875: settings.vala:540: Key file does not have key “spreadsheet/command” in group “Session”
** Message: 14:23:12.875: settings.vala:540: Key file does not have key “bittorent/command” in group “Session”
** Message: 14:23:12.876: settings.vala:540: Key file does not have key “document/command” in group “Session”
** Message: 14:23:12.876: settings.vala:540: Key file does not have key “webcam/command” in group “Session”
** Message: 14:23:12.876: settings.vala:540: Key file does not have key “burn/command” in group “Session”
** Message: 14:23:12.897: settings.vala:540: Key file does not have key “notes/command” in group “Session”
** Message: 14:23:12.898: settings.vala:540: Key file does not have key “disk_utility/command” in group “Session”
** Message: 14:23:12.898: settings.vala:540: Key file does not have key “tasks/command” in group “Session”
** Message: 14:23:12.898: settings.vala:540: Key file does not have group “Keymap”
** Message: 14:23:12.899: settings.vala:540: Key file does not have key “laptop_mode” in group “State”
** Message: 14:23:12.899: settings.vala:540: Key file does not have key “gnome” in group “Dbus”
** Message: 14:23:12.900: settings.vala:540: Key file does not have key “type” in group “Environment”
** Message: 14:23:12.900: settings.vala:540: Key file does not have key “ubuntu_menuproxy” in group “Environment”
** Message: 14:23:12.900: settings.vala:540: Key file does not have key “toolkit_integration” in group “Environment”
** Message: 14:23:12.901: settings.vala:540: Key file does not have key “gtk/overlay_scrollbar_disable” in group “Environment”
** Message: 14:23:12.901: settings.vala:540: Key file does not have key “qt/force_theme” in group “Environment”
** Message: 14:23:12.902: settings.vala:540: Key file does not have key “qt/platform” in group “Environment”
** Message: 14:23:12.917: settings.vala:462: Monitoring: /home/pi/.config/lxsession/LXDE-pi/desktop.conf
** Message: 14:23:12.917: settings.vala:466: Desktop file is already in config home, do nothing
** Message: 14:23:12.918: environement.vala:79: Exporting variable
** Message: 14:23:12.919: environement.vala:80: desktop_environnement XDG_CURRENT_DESKTOP
** Message: 14:23:12.919: environement.vala:177: custom_config :
** Message: 14:23:12.919: environement.vala:178: config_dirs :/etc/xdg
** Message: 14:23:12.919: environement.vala:179: confir_dirs not null, export : /etc/xdg
** Message: 14:23:12.920: environement.vala:184: Exporting XDG_CONFIG_DIRS
** Message: 14:23:12.920: environement.vala:218: custom_data :
** Message: 14:23:12.920: environement.vala:219: data_dirs :/usr/local/share:/usr/share/raspi-ui-overrides:/usr/share:/usr/share/gdm:/var/lib/menu-xdg
** Message: 14:23:12.921: environement.vala:220: data_dirs not null, export : /usr/local/share:/usr/share/raspi-ui-overrides:/usr/share:/usr/share/gdm:/var/lib/menu-xdg
** Message: 14:23:12.921: environement.vala:225: Exporting XDG_DATA_DIRS
** Message: 14:23:12.921: utils.vala:39: Config system location : /etc/xdg/lxsession/LXDE-pi
** Message: 14:23:12.922: utils.vala:45: System system path location : /etc/xdg/lxsession/LXDE-pi/desktop.conf
** Message: 14:23:12.923: environement.vala:254: No entry in [Environment_variable]. Key file does not have group “Environment_variable”
** Message: 14:23:12.978: utils.vala:138: Config system location : /etc/xdg/lxsession/LXDE-pi
** Message: 14:23:12.979: utils.vala:144: System system path location : /etc/xdg/lxsession/LXDE-pi/conffiles.conf
** Message: 14:23:12.979: utils.vala:148: Final file used : /etc/xdg/lxsession/LXDE-pi/conffiles.conf
** Message: 14:23:12.979: options.vala:164: Activate xsettings_manager build-in
** Message: 14:23:12.980: utils.vala:39: Config system location : /etc/xdg/lxsession/LXDE-pi
** Message: 14:23:12.980: utils.vala:45: System system path location : /etc/xdg/lxsession/LXDE-pi/desktop.conf
xprop:  no such property "_NET_NUMBER_OF_DESKTOPS"
xprop:  no such property "_NET_DESKTOP_NAMES"
** Message: 14:23:13.161: app.vala:721: polkit separate
** Message: 14:23:13.162: app.vala:721: polkit separate
** Message: 14:23:13.197: app.vala:76: Launching lxpolkit 
** Message: 14:23:13.198: utils.vala:138: Config system location : /etc/xdg/lxsession/LXDE-pi
** Message: 14:23:13.199: utils.vala:144: System system path location : /etc/xdg/lxsession/LXDE-pi/autostart
** Message: 14:23:13.199: utils.vala:148: Final file used : /etc/xdg/lxsession/LXDE-pi/autostart
** Message: 14:23:13.199: autostart.vala:42: Autostart path : /etc/xdg/lxsession/LXDE-pi/autostart
** Message: 14:23:13.299: app.vala:76: Launching lxpanel 
** Message: 14:23:13.449: app.vala:76: Launching pcmanfm 

** (lxsession:14814): WARNING **: 14:23:13.516: app.vala:86: Failed to execute child process “xscreensaver” (No such file or directory)

** (lxsession:14814): WARNING **: 14:23:13.516: app.vala:87: Error when launching xscreensaver
** Message: 14:23:13.635: options.vala:107: Create build-in Clipboard
** Message: 14:23:13.708: main.vala:441: Check keymap_mode (null)
** Message: 14:23:13.757: app.vala:76: Launching /usr/bin/ssh-agent 
SSH_AUTH_SOCK=/tmp/ssh-6UDB60anE2rf/agent.14908; export SSH_AUTH_SOCK;
SSH_AGENT_PID=14911; export SSH_AGENT_PID;
echo Agent pid 14911;
** Message: 14:23:15.213: app.vala:130: /usr/bin/ssh-agent exit with this type of exit: 0
** Message: 14:23:18.169: x-terminal-emulator has very limited support, consider choose another terminal

** (pcmanfm:14903): WARNING **: 14:23:18.248: The directory '/home/pi/Templates' doesn't exist, ignoring it
** Message: 14:23:18.619: x-terminal-emulator has very limited support, consider choose another terminal

** (lxpanel:14901): WARNING **: 14:23:18.680: The directory '/home/pi/Templates' doesn't exist, ignoring it
Openbox-Message: Unable to find a valid menu file "/usr/share/lxde/openbox/menu.xml"
** Message: 14:23:28.994: Connecting ...
** Message: 14:23:28.995: Status changed to down
xrandr: Failed to get size of gamma for output default
Unit pt-device-manager.service could not be found.

** (lxpanel:14901): WARNING **: 14:23:30.142: Battery 0 not found
** Message: 14:23:30.195: Status changed to opened
** Message: 14:23:30.195: Connected to dhcpcd-8.1.2
** Message: 14:23:30.205: Status changed to connected
** Message: 14:23:30.206: wlan0: Associated with sweethome-2.4
** Message: 14:23:30.206: wlan0: Configured 10.0.0.177/24
** Message: 14:23:30.207: wlan0: ROUTERADVERT
** Message: 14:23:30.207: wlan0: Configured 2601:500:8500:4420::bbc6/128
** Message: 14:23:30.228: wlan0: WPA status connected
** Message: 14:23:30.229: wlan0: Received scan results
** Message: 14:24:29.735: wlan0: Received scan results
** Message: 14:25:29.741: wlan0: Received scan results
** Message: 14:26:29.743: wlan0: Received scan results
** Message: 14:27:29.742: wlan0: Received scan results
** Message: 14:28:29.741: wlan0: Received scan results
** Message: 14:29:29.740: wlan0: Received scan results
** Message: 14:30:29.741: wlan0: Received scan results
** Message: 14:31:29.742: wlan0: Received scan results
** Message: 14:32:29.738: wlan0: Received scan results
** Message: 14:33:29.746: wlan0: Received scan results
** Message: 14:34:29.744: wlan0: Received scan results
** Message: 14:35:29.744: wlan0: Received scan results
** Message: 14:36:29.745: wlan0: Received scan results
** Message: 14:37:29.755: wlan0: Received scan results
** Message: 14:38:29.745: wlan0: Received scan results
** Message: 14:39:29.747: wlan0: Received scan results
** Message: 14:40:29.751: wlan0: Received scan results
** Message: 14:41:29.751: wlan0: Received scan results
** Message: 14:42:29.756: wlan0: Received scan results
** Message: 14:43:29.755: wlan0: Received scan results
** Message: 14:44:29.755: wlan0: Received scan results
** Message: 14:45:29.757: wlan0: Received scan results
** Message: 14:46:29.760: wlan0: Received scan results
** Message: 14:47:29.760: wlan0: Received scan results
** Message: 14:48:29.760: wlan0: Received scan results
** Message: 14:49:29.756: wlan0: Received scan results
** Message: 14:50:29.759: wlan0: Received scan results
** Message: 14:51:29.761: wlan0: Received scan results
** Message: 14:52:29.764: wlan0: Received scan results
** Message: 14:53:29.762: wlan0: Received scan results
** Message: 14:54:29.762: wlan0: Received scan results
** Message: 14:55:29.765: wlan0: Received scan results
** Message: 14:56:29.769: wlan0: Received scan results
** Message: 14:57:29.764: wlan0: Received scan results
** Message: 14:58:29.770: wlan0: Received scan results
** Message: 14:59:29.768: wlan0: Received scan results
** Message: 15:00:29.769: wlan0: Received scan results
** Message: 15:01:29.770: wlan0: Received scan results
** Message: 15:02:29.776: wlan0: Received scan results
** Message: 15:03:29.774: wlan0: Received scan results
** Message: 15:04:29.777: wlan0: Received scan results
** Message: 15:05:29.774: wlan0: Received scan results
** Message: 15:06:29.778: wlan0: Received scan results
** Message: 15:07:29.780: wlan0: Received scan results
** Message: 15:08:29.785: wlan0: Received scan results
** Message: 15:09:29.787: wlan0: Received scan results
** Message: 15:10:29.783: wlan0: Received scan results
** Message: 15:11:29.780: wlan0: Received scan results
** Message: 15:12:29.784: wlan0: Received scan results
** Message: 15:13:29.784: wlan0: Received scan results
** Message: 15:14:29.784: wlan0: Received scan results
** Message: 15:15:29.785: wlan0: Received scan results
** Message: 15:16:29.784: wlan0: Received scan results
** Message: 15:17:29.791: wlan0: Received scan results
** Message: 15:18:29.788: wlan0: Received scan results
** Message: 15:19:29.791: wlan0: Received scan results
** Message: 15:20:29.792: wlan0: Received scan results
** Message: 15:21:29.790: wlan0: Received scan results
** Message: 15:22:29.806: wlan0: Received scan results
** Message: 15:23:29.797: wlan0: Received scan results
** Message: 15:24:29.794: wlan0: Received scan results
** Message: 15:25:29.795: wlan0: Received scan results
** Message: 15:26:29.796: wlan0: Received scan results
** Message: 15:27:29.797: wlan0: Received scan results
** Message: 15:28:29.801: wlan0: Received scan results
** Message: 15:29:29.798: wlan0: Received scan results
** Message: 15:30:29.795: wlan0: Received scan results
** Message: 15:31:29.802: wlan0: Received scan results
** Message: 15:32:29.798: wlan0: Received scan results
** Message: 15:33:29.807: wlan0: Received scan results
** Message: 15:34:29.807: wlan0: Received scan results
** Message: 15:35:29.810: wlan0: Received scan results
** Message: 15:36:29.810: wlan0: Received scan results
** Message: 15:37:29.813: wlan0: Received scan results
** Message: 15:38:29.807: wlan0: Received scan results
** Message: 15:39:29.824: wlan0: Received scan results
** Message: 15:40:29.812: wlan0: Received scan results
** Message: 15:41:29.814: wlan0: Received scan results
** Message: 15:42:29.808: wlan0: Received scan results
** Message: 15:43:29.811: wlan0: Received scan results
** Message: 15:44:29.811: wlan0: Received scan results
** Message: 15:45:29.812: wlan0: Received scan results
** Message: 15:46:29.813: wlan0: Received scan results
** Message: 15:47:29.815: wlan0: Received scan results
** Message: 15:48:29.816: wlan0: Received scan results
** Message: 15:49:29.825: wlan0: Received scan results
** Message: 15:50:29.827: wlan0: Received scan results
** Message: 15:51:29.822: wlan0: Received scan results
** Message: 15:52:29.823: wlan0: Received scan results
** Message: 15:53:29.814: wlan0: Received scan results
** Message: 15:54:29.821: wlan0: Received scan results
** Message: 15:55:29.821: wlan0: Received scan results
** Message: 15:56:29.824: wlan0: Received scan results
** Message: 15:57:29.820: wlan0: Received scan results
** Message: 15:58:29.830: wlan0: Received scan results
** Message: 15:59:29.825: wlan0: Received scan results
** Message: 16:00:29.829: wlan0: Received scan results
** Message: 16:01:29.824: wlan0: Received scan results
** Message: 16:02:29.836: wlan0: Received scan results
** Message: 16:03:29.832: wlan0: Received scan results
** Message: 16:04:29.832: wlan0: Received scan results
** Message: 16:05:29.831: wlan0: Received scan results
** Message: 16:06:29.828: wlan0: Received scan results
** Message: 16:07:29.828: wlan0: Received scan results
** Message: 16:08:29.834: wlan0: Received scan results
** Message: 16:09:29.833: wlan0: Received scan results
** Message: 16:10:29.837: wlan0: Received scan results
** Message: 16:11:29.839: wlan0: Received scan results
** Message: 16:12:29.835: wlan0: Received scan results
** Message: 16:13:29.835: wlan0: Received scan results
** Message: 16:14:29.851: wlan0: Received scan results
** Message: 16:15:29.841: wlan0: Received scan results
** Message: 16:16:29.844: wlan0: Received scan results
** Message: 16:17:29.844: wlan0: Received scan results
** Message: 16:18:29.842: wlan0: Received scan results
** Message: 16:19:29.836: wlan0: Received scan results
** Message: 16:20:29.851: wlan0: Received scan results
** Message: 16:21:29.845: wlan0: Received scan results
** Message: 16:22:29.856: wlan0: Received scan results
** Message: 16:23:29.848: wlan0: Received scan results
** Message: 16:24:29.848: wlan0: Received scan results
** Message: 16:25:29.857: wlan0: Received scan results
** Message: 16:26:29.845: wlan0: Received scan results
** Message: 16:27:29.866: wlan0: Received scan results
** Message: 16:28:29.849: wlan0: Received scan results
** Message: 16:29:29.851: wlan0: Received scan results
** Message: 16:30:29.856: wlan0: Received scan results
** Message: 16:31:29.851: wlan0: Received scan results
** Message: 16:32:29.860: wlan0: Received scan results
** Message: 16:33:29.857: wlan0: Received scan results
** Message: 16:34:29.856: wlan0: Received scan results
** Message: 16:35:29.861: wlan0: Received scan results
** Message: 16:36:29.869: wlan0: Received scan results
** Message: 16:37:29.862: wlan0: Received scan results
** Message: 16:38:29.868: wlan0: Received scan results
** Message: 16:39:29.867: wlan0: Received scan results
** Message: 16:40:29.864: wlan0: Received scan results
** Message: 16:41:29.866: wlan0: Received scan results
** Message: 16:42:29.868: wlan0: Received scan results
** Message: 16:43:29.865: wlan0: Received scan results
** Message: 16:44:29.866: wlan0: Received scan results
** Message: 16:45:29.868: wlan0: Received scan results
** Message: 16:46:29.876: wlan0: Received scan results
** Message: 16:47:29.875: wlan0: Received scan results
** Message: 16:48:29.871: wlan0: Received scan results
** Message: 16:49:29.872: wlan0: Received scan results
** Message: 16:50:29.874: wlan0: Received scan results
** Message: 16:51:29.887: wlan0: Received scan results
** Message: 16:52:29.872: wlan0: Received scan results
** Message: 16:53:29.877: wlan0: Received scan results
** Message: 16:54:29.871: wlan0: Received scan results
** Message: 16:55:29.883: wlan0: Received scan results
** Message: 16:56:29.875: wlan0: Received scan results
** Message: 16:57:29.879: wlan0: Received scan results
** Message: 16:58:29.882: wlan0: Received scan results
** Message: 16:59:29.881: wlan0: Received scan results
** Message: 17:00:29.885: wlan0: Received scan results
** Message: 17:01:29.882: wlan0: Received scan results
** Message: 17:02:29.885: wlan0: Received scan results
** Message: 17:03:29.886: wlan0: Received scan results
** Message: 17:04:29.892: wlan0: Received scan results
** Message: 17:05:29.880: wlan0: Received scan results
** Message: 17:06:29.898: wlan0: Received scan results
** Message: 17:07:29.893: wlan0: Received scan results
** Message: 17:08:29.897: wlan0: Received scan results
** Message: 17:09:29.890: wlan0: Received scan results
** Message: 17:10:29.902: wlan0: Received scan results
** Message: 17:11:29.896: wlan0: Received scan results
** Message: 17:12:29.894: wlan0: Received scan results
** Message: 17:13:29.893: wlan0: Received scan results
** Message: 17:14:29.899: wlan0: Received scan results
** Message: 17:15:29.897: wlan0: Received scan results
** Message: 17:16:29.897: wlan0: Received scan results
** Message: 17:17:29.899: wlan0: Received scan results
** Message: 17:18:29.900: wlan0: Received scan results
** Message: 17:19:29.911: wlan0: Received scan results
** Message: 17:20:29.912: wlan0: Received scan results
** Message: 17:21:29.899: wlan0: Received scan results
** Message: 17:22:29.904: wlan0: Received scan results
** Message: 17:23:29.907: wlan0: Received scan results
** Message: 17:24:29.900: wlan0: Received scan results
** Message: 17:25:29.906: wlan0: Received scan results
** Message: 17:26:29.902: wlan0: Received scan results
** Message: 17:27:29.918: wlan0: Received scan results
** Message: 17:28:29.909: wlan0: Received scan results
** Message: 17:29:29.912: wlan0: Received scan results
** Message: 17:30:29.911: wlan0: Received scan results
** Message: 17:31:29.911: wlan0: Received scan results
** Message: 17:32:29.920: wlan0: Received scan results
** Message: 17:33:29.913: wlan0: Received scan results
** Message: 17:34:29.917: wlan0: Received scan results
** Message: 17:35:29.916: wlan0: Received scan results
** Message: 17:36:29.916: wlan0: Received scan results
